{"/home/pavankumar/PlanExec/server/app.js": {"path":"/home/pavankumar/PlanExec/server/app.js","statementMap":{"0":{"start":{"line":1,"column":16},"end":{"line":1,"column":34}},"1":{"start":{"line":2,"column":12},"end":{"line":2,"column":21}},"2":{"start":{"line":3,"column":13},"end":{"line":3,"column":28}},"3":{"start":{"line":4,"column":19},"end":{"line":4,"column":41}},"4":{"start":{"line":5,"column":21},"end":{"line":5,"column":45}},"5":{"start":{"line":6,"column":15},"end":{"line":6,"column":32}},"6":{"start":{"line":7,"column":0},"end":{"line":7,"column":23}},"7":{"start":{"line":8,"column":0},"end":{"line":8,"column":15}},"8":{"start":{"line":9,"column":0},"end":{"line":9,"column":26}},"9":{"start":{"line":10,"column":0},"end":{"line":10,"column":48}},"10":{"start":{"line":11,"column":0},"end":{"line":11,"column":51}},"11":{"start":{"line":12,"column":0},"end":{"line":12,"column":43}},"12":{"start":{"line":14,"column":31},"end":{"line":14,"column":50}},"13":{"start":{"line":15,"column":20},"end":{"line":15,"column":51}},"14":{"start":{"line":17,"column":19},"end":{"line":17,"column":21}},"15":{"start":{"line":19,"column":12},"end":{"line":19,"column":35}},"16":{"start":{"line":20,"column":26},"end":{"line":20,"column":64}},"17":{"start":{"line":21,"column":0},"end":{"line":21,"column":27}},"18":{"start":{"line":23,"column":22},"end":{"line":25,"column":1}},"19":{"start":{"line":24,"column":4},"end":{"line":24,"column":65}},"20":{"start":{"line":28,"column":0},"end":{"line":56,"column":3}},"21":{"start":{"line":29,"column":4},"end":{"line":55,"column":5}},"22":{"start":{"line":30,"column":26},"end":{"line":30,"column":44}},"23":{"start":{"line":31,"column":8},"end":{"line":31,"column":30}},"24":{"start":{"line":32,"column":22},"end":{"line":32,"column":36}},"25":{"start":{"line":33,"column":28},"end":{"line":33,"column":48}},"26":{"start":{"line":34,"column":21},"end":{"line":34,"column":34}},"27":{"start":{"line":35,"column":8},"end":{"line":35,"column":25}},"28":{"start":{"line":43,"column":22},"end":{"line":48,"column":10}},"29":{"start":{"line":50,"column":8},"end":{"line":50,"column":27}},"30":{"start":{"line":51,"column":8},"end":{"line":51,"column":68}},"31":{"start":{"line":53,"column":8},"end":{"line":53,"column":25}},"32":{"start":{"line":54,"column":8},"end":{"line":54,"column":53}},"33":{"start":{"line":59,"column":0},"end":{"line":68,"column":2}},"34":{"start":{"line":60,"column":4},"end":{"line":67,"column":5}},"35":{"start":{"line":61,"column":23},"end":{"line":61,"column":46}},"36":{"start":{"line":62,"column":8},"end":{"line":62,"column":36}},"37":{"start":{"line":63,"column":8},"end":{"line":63,"column":27}},"38":{"start":{"line":65,"column":8},"end":{"line":65,"column":26}},"39":{"start":{"line":66,"column":8},"end":{"line":66,"column":43}},"40":{"start":{"line":70,"column":0},"end":{"line":85,"column":2}},"41":{"start":{"line":71,"column":4},"end":{"line":84,"column":5}},"42":{"start":{"line":72,"column":44},"end":{"line":72,"column":52}},"43":{"start":{"line":73,"column":31},"end":{"line":73,"column":69}},"44":{"start":{"line":74,"column":21},"end":{"line":78,"column":10}},"45":{"start":{"line":79,"column":22},"end":{"line":79,"column":44}},"46":{"start":{"line":80,"column":8},"end":{"line":80,"column":49}},"47":{"start":{"line":82,"column":8},"end":{"line":82,"column":48}},"48":{"start":{"line":83,"column":8},"end":{"line":83,"column":65}},"49":{"start":{"line":86,"column":0},"end":{"line":99,"column":2}},"50":{"start":{"line":87,"column":4},"end":{"line":98,"column":5}},"51":{"start":{"line":88,"column":21},"end":{"line":88,"column":56}},"52":{"start":{"line":89,"column":30},"end":{"line":89,"column":83}},"53":{"start":{"line":90,"column":8},"end":{"line":92,"column":9}},"54":{"start":{"line":91,"column":12},"end":{"line":91,"column":67}},"55":{"start":{"line":93,"column":22},"end":{"line":93,"column":44}},"56":{"start":{"line":94,"column":8},"end":{"line":94,"column":49}},"57":{"start":{"line":96,"column":8},"end":{"line":96,"column":48}},"58":{"start":{"line":97,"column":8},"end":{"line":97,"column":65}},"59":{"start":{"line":101,"column":0},"end":{"line":120,"column":2}},"60":{"start":{"line":102,"column":4},"end":{"line":119,"column":5}},"61":{"start":{"line":103,"column":25},"end":{"line":103,"column":33}},"62":{"start":{"line":104,"column":25},"end":{"line":104,"column":50}},"63":{"start":{"line":105,"column":32},"end":{"line":105,"column":62}},"64":{"start":{"line":106,"column":21},"end":{"line":106,"column":41}},"65":{"start":{"line":107,"column":28},"end":{"line":107,"column":55}},"66":{"start":{"line":108,"column":24},"end":{"line":108,"column":47}},"67":{"start":{"line":109,"column":24},"end":{"line":113,"column":10}},"68":{"start":{"line":114,"column":8},"end":{"line":114,"column":28}},"69":{"start":{"line":115,"column":8},"end":{"line":115,"column":69}},"70":{"start":{"line":117,"column":8},"end":{"line":117,"column":24}},"71":{"start":{"line":118,"column":8},"end":{"line":118,"column":56}},"72":{"start":{"line":122,"column":0},"end":{"line":130,"column":2}},"73":{"start":{"line":123,"column":4},"end":{"line":129,"column":5}},"74":{"start":{"line":124,"column":25},"end":{"line":124,"column":53}},"75":{"start":{"line":125,"column":8},"end":{"line":125,"column":38}},"76":{"start":{"line":127,"column":8},"end":{"line":127,"column":24}},"77":{"start":{"line":128,"column":8},"end":{"line":128,"column":41}},"78":{"start":{"line":131,"column":0},"end":{"line":131,"column":21}}},"fnMap":{"0":{"name":"(anonymous_0)","decl":{"start":{"line":23,"column":22},"end":{"line":23,"column":23}},"loc":{"start":{"line":23,"column":30},"end":{"line":25,"column":1}},"line":23},"1":{"name":"(anonymous_1)","decl":{"start":{"line":28,"column":25},"end":{"line":28,"column":26}},"loc":{"start":{"line":28,"column":45},"end":{"line":56,"column":1}},"line":28},"2":{"name":"(anonymous_2)","decl":{"start":{"line":59,"column":39},"end":{"line":59,"column":40}},"loc":{"start":{"line":59,"column":55},"end":{"line":68,"column":1}},"line":59},"3":{"name":"(anonymous_3)","decl":{"start":{"line":70,"column":19},"end":{"line":70,"column":20}},"loc":{"start":{"line":70,"column":37},"end":{"line":85,"column":1}},"line":70},"4":{"name":"(anonymous_4)","decl":{"start":{"line":86,"column":20},"end":{"line":86,"column":21}},"loc":{"start":{"line":86,"column":38},"end":{"line":99,"column":1}},"line":86},"5":{"name":"(anonymous_5)","decl":{"start":{"line":101,"column":27},"end":{"line":101,"column":28}},"loc":{"start":{"line":101,"column":44},"end":{"line":120,"column":1}},"line":101},"6":{"name":"(anonymous_6)","decl":{"start":{"line":122,"column":23},"end":{"line":122,"column":24}},"loc":{"start":{"line":122,"column":41},"end":{"line":130,"column":1}},"line":122}},"branchMap":{"0":{"loc":{"start":{"line":90,"column":8},"end":{"line":92,"column":9}},"type":"if","locations":[{"start":{"line":90,"column":8},"end":{"line":92,"column":9}},{"start":{},"end":{}}],"line":90}},"s":{"0":1,"1":1,"2":1,"3":1,"4":1,"5":1,"6":1,"7":1,"8":1,"9":1,"10":1,"11":1,"12":1,"13":1,"14":1,"15":1,"16":1,"17":1,"18":1,"19":2,"20":1,"21":1,"22":1,"23":1,"24":1,"25":1,"26":1,"27":1,"28":1,"29":1,"30":1,"31":0,"32":0,"33":1,"34":1,"35":1,"36":1,"37":1,"38":0,"39":0,"40":1,"41":1,"42":1,"43":1,"44":1,"45":1,"46":1,"47":0,"48":0,"49":1,"50":1,"51":1,"52":1,"53":1,"54":0,"55":1,"56":1,"57":0,"58":0,"59":1,"60":0,"61":0,"62":0,"63":0,"64":0,"65":0,"66":0,"67":0,"68":0,"69":0,"70":0,"71":0,"72":1,"73":0,"74":0,"75":0,"76":0,"77":0,"78":1},"f":{"0":2,"1":1,"2":1,"3":1,"4":1,"5":0,"6":0},"b":{"0":[0,1]},"_coverageSchema":"1a1c01bbd47fc00a2c39e90264f33305004495a9","hash":"c1e7f18457dba6d09f0a187a62e134f0a3cd7880"}
,"/home/pavankumar/PlanExec/server/middleware/authentication.js": {"path":"/home/pavankumar/PlanExec/server/middleware/authentication.js","statementMap":{"0":{"start":{"line":1,"column":12},"end":{"line":1,"column":35}},"1":{"start":{"line":2,"column":0},"end":{"line":2,"column":27}},"2":{"start":{"line":4,"column":30},"end":{"line":28,"column":1}},"3":{"start":{"line":5,"column":2},"end":{"line":27,"column":3}},"4":{"start":{"line":6,"column":23},"end":{"line":6,"column":51}},"5":{"start":{"line":7,"column":4},"end":{"line":9,"column":5}},"6":{"start":{"line":8,"column":6},"end":{"line":8,"column":77}},"7":{"start":{"line":10,"column":18},"end":{"line":10,"column":42}},"8":{"start":{"line":11,"column":4},"end":{"line":13,"column":5}},"9":{"start":{"line":12,"column":6},"end":{"line":12,"column":62}},"10":{"start":{"line":14,"column":4},"end":{"line":23,"column":7}},"11":{"start":{"line":15,"column":6},"end":{"line":20,"column":7}},"12":{"start":{"line":16,"column":8},"end":{"line":18,"column":9}},"13":{"start":{"line":17,"column":10},"end":{"line":17,"column":66}},"14":{"start":{"line":19,"column":8},"end":{"line":19,"column":64}},"15":{"start":{"line":21,"column":6},"end":{"line":21,"column":35}},"16":{"start":{"line":22,"column":6},"end":{"line":22,"column":13}},"17":{"start":{"line":25,"column":4},"end":{"line":25,"column":67}},"18":{"start":{"line":26,"column":4},"end":{"line":26,"column":68}},"19":{"start":{"line":30,"column":0},"end":{"line":30,"column":39}}},"fnMap":{"0":{"name":"(anonymous_0)","decl":{"start":{"line":4,"column":30},"end":{"line":4,"column":31}},"loc":{"start":{"line":4,"column":50},"end":{"line":28,"column":1}},"line":4},"1":{"name":"(anonymous_1)","decl":{"start":{"line":14,"column":46},"end":{"line":14,"column":47}},"loc":{"start":{"line":14,"column":69},"end":{"line":23,"column":5}},"line":14}},"branchMap":{"0":{"loc":{"start":{"line":7,"column":4},"end":{"line":9,"column":5}},"type":"if","locations":[{"start":{"line":7,"column":4},"end":{"line":9,"column":5}},{"start":{},"end":{}}],"line":7},"1":{"loc":{"start":{"line":11,"column":4},"end":{"line":13,"column":5}},"type":"if","locations":[{"start":{"line":11,"column":4},"end":{"line":13,"column":5}},{"start":{},"end":{}}],"line":11},"2":{"loc":{"start":{"line":15,"column":6},"end":{"line":20,"column":7}},"type":"if","locations":[{"start":{"line":15,"column":6},"end":{"line":20,"column":7}},{"start":{},"end":{}}],"line":15},"3":{"loc":{"start":{"line":16,"column":8},"end":{"line":18,"column":9}},"type":"if","locations":[{"start":{"line":16,"column":8},"end":{"line":18,"column":9}},{"start":{},"end":{}}],"line":16}},"s":{"0":1,"1":1,"2":1,"3":1,"4":1,"5":1,"6":0,"7":1,"8":1,"9":0,"10":1,"11":1,"12":0,"13":0,"14":0,"15":1,"16":1,"17":0,"18":0,"19":1},"f":{"0":1,"1":1},"b":{"0":[0,1],"1":[0,1],"2":[0,1],"3":[0,0]},"_coverageSchema":"1a1c01bbd47fc00a2c39e90264f33305004495a9","hash":"036f02bd76a6d5c415c34b9d5157aa6280f2f16c"}
,"/home/pavankumar/PlanExec/server/middleware/chatGPT.js": {"path":"/home/pavankumar/PlanExec/server/middleware/chatGPT.js","statementMap":{"0":{"start":{"line":1,"column":15},"end":{"line":1,"column":32}},"1":{"start":{"line":2,"column":0},"end":{"line":2,"column":26}},"2":{"start":{"line":4,"column":15},"end":{"line":6,"column":2}},"3":{"start":{"line":9,"column":0},"end":{"line":12,"column":3}},"4":{"start":{"line":15,"column":4},"end":{"line":54,"column":5}},"5":{"start":{"line":16,"column":31},"end":{"line":49,"column":10}},"6":{"start":{"line":50,"column":8},"end":{"line":50,"column":72}},"7":{"start":{"line":52,"column":8},"end":{"line":52,"column":52}},"8":{"start":{"line":53,"column":8},"end":{"line":53,"column":19}},"9":{"start":{"line":58,"column":23},"end":{"line":58,"column":49}},"10":{"start":{"line":59,"column":4},"end":{"line":63,"column":5}},"11":{"start":{"line":60,"column":6},"end":{"line":60,"column":24}},"12":{"start":{"line":62,"column":6},"end":{"line":62,"column":56}},"13":{"start":{"line":66,"column":2},"end":{"line":66,"column":31}}},"fnMap":{"0":{"name":"askChatGpt","decl":{"start":{"line":14,"column":15},"end":{"line":14,"column":25}},"loc":{"start":{"line":14,"column":36},"end":{"line":55,"column":1}},"line":14},"1":{"name":"getResponse","decl":{"start":{"line":57,"column":15},"end":{"line":57,"column":26}},"loc":{"start":{"line":57,"column":37},"end":{"line":64,"column":3}},"line":57}},"branchMap":{"0":{"loc":{"start":{"line":59,"column":4},"end":{"line":63,"column":5}},"type":"if","locations":[{"start":{"line":59,"column":4},"end":{"line":63,"column":5}},{"start":{"line":61,"column":11},"end":{"line":63,"column":5}}],"line":59}},"s":{"0":1,"1":1,"2":1,"3":1,"4":0,"5":0,"6":0,"7":0,"8":0,"9":0,"10":0,"11":0,"12":0,"13":1},"f":{"0":0,"1":0},"b":{"0":[0,0]},"_coverageSchema":"1a1c01bbd47fc00a2c39e90264f33305004495a9","hash":"f9931eca0f1a38a25f4bfbeebe02ded21f1956c2"}
,"/home/pavankumar/PlanExec/server/models/event.js": {"path":"/home/pavankumar/PlanExec/server/models/event.js","statementMap":{"0":{"start":{"line":4,"column":4},"end":{"line":4,"column":24}},"1":{"start":{"line":5,"column":0},"end":{"line":41,"column":2}},"2":{"start":{"line":17,"column":6},"end":{"line":22,"column":8}},"3":{"start":{"line":26,"column":6},"end":{"line":28,"column":8}},"4":{"start":{"line":31,"column":2},"end":{"line":39,"column":5}},"5":{"start":{"line":40,"column":2},"end":{"line":40,"column":15}}},"fnMap":{"0":{"name":"(anonymous_0)","decl":{"start":{"line":5,"column":17},"end":{"line":5,"column":18}},"loc":{"start":{"line":5,"column":43},"end":{"line":41,"column":1}},"line":5},"1":{"name":"(anonymous_1)","decl":{"start":{"line":12,"column":4},"end":{"line":12,"column":5}},"loc":{"start":{"line":12,"column":29},"end":{"line":14,"column":5}},"line":12},"2":{"name":"(anonymous_2)","decl":{"start":{"line":16,"column":4},"end":{"line":16,"column":5}},"loc":{"start":{"line":16,"column":57},"end":{"line":23,"column":5}},"line":16},"3":{"name":"(anonymous_3)","decl":{"start":{"line":25,"column":4},"end":{"line":25,"column":5}},"loc":{"start":{"line":25,"column":22},"end":{"line":29,"column":5}},"line":25}},"branchMap":{},"s":{"0":1,"1":1,"2":0,"3":1,"4":1,"5":1},"f":{"0":1,"1":1,"2":0,"3":1},"b":{},"_coverageSchema":"1a1c01bbd47fc00a2c39e90264f33305004495a9","hash":"06424ea29baaabfd25424f526f9e586df72fbf0b"}
,"/home/pavankumar/PlanExec/server/models/index.js": {"path":"/home/pavankumar/PlanExec/server/models/index.js","statementMap":{"0":{"start":{"line":3,"column":11},"end":{"line":3,"column":24}},"1":{"start":{"line":4,"column":13},"end":{"line":4,"column":28}},"2":{"start":{"line":5,"column":18},"end":{"line":5,"column":38}},"3":{"start":{"line":6,"column":16},"end":{"line":6,"column":34}},"4":{"start":{"line":7,"column":17},"end":{"line":7,"column":42}},"5":{"start":{"line":8,"column":12},"end":{"line":8,"column":49}},"6":{"start":{"line":9,"column":15},"end":{"line":9,"column":65}},"7":{"start":{"line":10,"column":11},"end":{"line":10,"column":13}},"8":{"start":{"line":13,"column":0},"end":{"line":17,"column":1}},"9":{"start":{"line":14,"column":2},"end":{"line":14,"column":74}},"10":{"start":{"line":16,"column":2},"end":{"line":16,"column":87}},"11":{"start":{"line":19,"column":0},"end":{"line":32,"column":5}},"12":{"start":{"line":22,"column":4},"end":{"line":27,"column":6}},"13":{"start":{"line":30,"column":18},"end":{"line":30,"column":85}},"14":{"start":{"line":31,"column":4},"end":{"line":31,"column":27}},"15":{"start":{"line":34,"column":0},"end":{"line":38,"column":3}},"16":{"start":{"line":35,"column":2},"end":{"line":37,"column":3}},"17":{"start":{"line":36,"column":4},"end":{"line":36,"column":32}},"18":{"start":{"line":40,"column":0},"end":{"line":40,"column":25}},"19":{"start":{"line":41,"column":0},"end":{"line":41,"column":25}},"20":{"start":{"line":43,"column":0},"end":{"line":43,"column":20}}},"fnMap":{"0":{"name":"(anonymous_0)","decl":{"start":{"line":21,"column":10},"end":{"line":21,"column":11}},"loc":{"start":{"line":21,"column":18},"end":{"line":28,"column":3}},"line":21},"1":{"name":"(anonymous_1)","decl":{"start":{"line":29,"column":11},"end":{"line":29,"column":12}},"loc":{"start":{"line":29,"column":19},"end":{"line":32,"column":3}},"line":29},"2":{"name":"(anonymous_2)","decl":{"start":{"line":34,"column":24},"end":{"line":34,"column":25}},"loc":{"start":{"line":34,"column":37},"end":{"line":38,"column":1}},"line":34}},"branchMap":{"0":{"loc":{"start":{"line":8,"column":12},"end":{"line":8,"column":49}},"type":"binary-expr","locations":[{"start":{"line":8,"column":12},"end":{"line":8,"column":32}},{"start":{"line":8,"column":36},"end":{"line":8,"column":49}}],"line":8},"1":{"loc":{"start":{"line":13,"column":0},"end":{"line":17,"column":1}},"type":"if","locations":[{"start":{"line":13,"column":0},"end":{"line":17,"column":1}},{"start":{"line":15,"column":7},"end":{"line":17,"column":1}}],"line":13},"2":{"loc":{"start":{"line":23,"column":6},"end":{"line":26,"column":37}},"type":"binary-expr","locations":[{"start":{"line":23,"column":6},"end":{"line":23,"column":29}},{"start":{"line":24,"column":6},"end":{"line":24,"column":23}},{"start":{"line":25,"column":6},"end":{"line":25,"column":30}},{"start":{"line":26,"column":6},"end":{"line":26,"column":37}}],"line":23},"3":{"loc":{"start":{"line":35,"column":2},"end":{"line":37,"column":3}},"type":"if","locations":[{"start":{"line":35,"column":2},"end":{"line":37,"column":3}},{"start":{},"end":{}}],"line":35}},"s":{"0":1,"1":1,"2":1,"3":1,"4":1,"5":1,"6":1,"7":1,"8":1,"9":0,"10":1,"11":1,"12":4,"13":3,"14":3,"15":1,"16":3,"17":3,"18":1,"19":1,"20":1},"f":{"0":4,"1":3,"2":3},"b":{"0":[1,0],"1":[0,1],"2":[4,4,3,3],"3":[3,0]},"_coverageSchema":"1a1c01bbd47fc00a2c39e90264f33305004495a9","hash":"4d5738d4c5fc81045c8242f380b21a19af6278d9"}
,"/home/pavankumar/PlanExec/server/models/services.js": {"path":"/home/pavankumar/PlanExec/server/models/services.js","statementMap":{"0":{"start":{"line":4,"column":4},"end":{"line":4,"column":24}},"1":{"start":{"line":5,"column":0},"end":{"line":40,"column":2}},"2":{"start":{"line":17,"column":6},"end":{"line":21,"column":8}},"3":{"start":{"line":25,"column":6},"end":{"line":27,"column":8}},"4":{"start":{"line":31,"column":2},"end":{"line":38,"column":5}},"5":{"start":{"line":39,"column":2},"end":{"line":39,"column":18}}},"fnMap":{"0":{"name":"(anonymous_0)","decl":{"start":{"line":5,"column":17},"end":{"line":5,"column":18}},"loc":{"start":{"line":5,"column":43},"end":{"line":40,"column":1}},"line":5},"1":{"name":"(anonymous_1)","decl":{"start":{"line":12,"column":4},"end":{"line":12,"column":5}},"loc":{"start":{"line":12,"column":29},"end":{"line":14,"column":5}},"line":12},"2":{"name":"(anonymous_2)","decl":{"start":{"line":16,"column":4},"end":{"line":16,"column":5}},"loc":{"start":{"line":16,"column":51},"end":{"line":22,"column":5}},"line":16},"3":{"name":"(anonymous_3)","decl":{"start":{"line":24,"column":4},"end":{"line":24,"column":5}},"loc":{"start":{"line":24,"column":24},"end":{"line":28,"column":5}},"line":24}},"branchMap":{},"s":{"0":1,"1":1,"2":0,"3":0,"4":1,"5":1},"f":{"0":1,"1":1,"2":0,"3":0},"b":{},"_coverageSchema":"1a1c01bbd47fc00a2c39e90264f33305004495a9","hash":"56c0ba744aa71540fff41a2e62fead86ad984e9f"}
,"/home/pavankumar/PlanExec/server/models/user.js": {"path":"/home/pavankumar/PlanExec/server/models/user.js","statementMap":{"0":{"start":{"line":4,"column":4},"end":{"line":4,"column":24}},"1":{"start":{"line":5,"column":0},"end":{"line":33,"column":2}},"2":{"start":{"line":17,"column":6},"end":{"line":21,"column":8}},"3":{"start":{"line":24,"column":2},"end":{"line":31,"column":5}},"4":{"start":{"line":32,"column":2},"end":{"line":32,"column":14}}},"fnMap":{"0":{"name":"(anonymous_0)","decl":{"start":{"line":5,"column":17},"end":{"line":5,"column":18}},"loc":{"start":{"line":5,"column":43},"end":{"line":33,"column":1}},"line":5},"1":{"name":"(anonymous_1)","decl":{"start":{"line":12,"column":4},"end":{"line":12,"column":5}},"loc":{"start":{"line":12,"column":29},"end":{"line":14,"column":5}},"line":12},"2":{"name":"(anonymous_2)","decl":{"start":{"line":16,"column":4},"end":{"line":16,"column":5}},"loc":{"start":{"line":16,"column":27},"end":{"line":22,"column":5}},"line":16}},"branchMap":{},"s":{"0":1,"1":1,"2":1,"3":1,"4":1},"f":{"0":1,"1":1,"2":1},"b":{},"_coverageSchema":"1a1c01bbd47fc00a2c39e90264f33305004495a9","hash":"520697a272b960321c5c259bb5345a44d6c9dba5"}
}
